[debug] [2024-02-15T19:33:57.758Z] ----------------------------------------------------------------------
[debug] [2024-02-15T19:33:57.760Z] Command:       C:\Program Files\nodejs\node.exe C:\Users\Carl Wicker\AppData\Roaming\npm\node_modules\firebase-tools\lib\bin\firebase.js deploy
[debug] [2024-02-15T19:33:57.761Z] CLI Version:   12.8.0
[debug] [2024-02-15T19:33:57.761Z] Platform:      win32
[debug] [2024-02-15T19:33:57.761Z] Node Version:  v20.11.0
[debug] [2024-02-15T19:33:57.761Z] Time:          Thu Feb 15 2024 19:33:57 GMT+0000 (Greenwich Mean Time)
[debug] [2024-02-15T19:33:57.761Z] ----------------------------------------------------------------------
[debug] 
[debug] [2024-02-15T19:34:02.450Z] > command requires scopes: ["email","openid","https://www.googleapis.com/auth/cloudplatformprojects.readonly","https://www.googleapis.com/auth/firebase","https://www.googleapis.com/auth/cloud-platform"]
[debug] [2024-02-15T19:34:02.451Z] > authorizing via signed-in user (carlwicker@gmail.com)
[debug] [2024-02-15T19:34:02.451Z] [iam] checking project carlwicker-nextjs12 for permissions ["cloudfunctions.functions.create","cloudfunctions.functions.delete","cloudfunctions.functions.get","cloudfunctions.functions.list","cloudfunctions.functions.update","cloudfunctions.operations.get","firebase.projects.get","firebasehosting.sites.update"]
[debug] [2024-02-15T19:34:02.453Z] > refreshing access token with scopes: []
[debug] [2024-02-15T19:34:02.455Z] >>> [apiv2][query] POST https://www.googleapis.com/oauth2/v3/token [none]
[debug] [2024-02-15T19:34:02.455Z] >>> [apiv2][body] POST https://www.googleapis.com/oauth2/v3/token [omitted]
[debug] [2024-02-15T19:34:02.729Z] <<< [apiv2][status] POST https://www.googleapis.com/oauth2/v3/token 200
[debug] [2024-02-15T19:34:02.729Z] <<< [apiv2][body] POST https://www.googleapis.com/oauth2/v3/token [omitted]
[debug] [2024-02-15T19:34:02.736Z] >>> [apiv2][query] POST https://cloudresourcemanager.googleapis.com/v1/projects/carlwicker-nextjs12:testIamPermissions [none]
[debug] [2024-02-15T19:34:02.736Z] >>> [apiv2][(partial)header] POST https://cloudresourcemanager.googleapis.com/v1/projects/carlwicker-nextjs12:testIamPermissions x-goog-quota-user=projects/carlwicker-nextjs12
[debug] [2024-02-15T19:34:02.736Z] >>> [apiv2][body] POST https://cloudresourcemanager.googleapis.com/v1/projects/carlwicker-nextjs12:testIamPermissions {"permissions":["cloudfunctions.functions.create","cloudfunctions.functions.delete","cloudfunctions.functions.get","cloudfunctions.functions.list","cloudfunctions.functions.update","cloudfunctions.operations.get","firebase.projects.get","firebasehosting.sites.update"]}
[debug] [2024-02-15T19:34:03.396Z] <<< [apiv2][status] POST https://cloudresourcemanager.googleapis.com/v1/projects/carlwicker-nextjs12:testIamPermissions 200
[debug] [2024-02-15T19:34:03.396Z] <<< [apiv2][body] POST https://cloudresourcemanager.googleapis.com/v1/projects/carlwicker-nextjs12:testIamPermissions {"permissions":["cloudfunctions.functions.create","cloudfunctions.functions.delete","cloudfunctions.functions.get","cloudfunctions.functions.list","cloudfunctions.functions.update","cloudfunctions.operations.get","firebase.projects.get","firebasehosting.sites.update"]}
[debug] [2024-02-15T19:34:03.397Z] >>> [apiv2][query] POST https://iam.googleapis.com/v1/projects/carlwicker-nextjs12/serviceAccounts/carlwicker-nextjs12@appspot.gserviceaccount.com:testIamPermissions [none]
[debug] [2024-02-15T19:34:03.397Z] >>> [apiv2][body] POST https://iam.googleapis.com/v1/projects/carlwicker-nextjs12/serviceAccounts/carlwicker-nextjs12@appspot.gserviceaccount.com:testIamPermissions {"permissions":["iam.serviceAccounts.actAs"]}
[debug] [2024-02-15T19:34:04.151Z] <<< [apiv2][status] POST https://iam.googleapis.com/v1/projects/carlwicker-nextjs12/serviceAccounts/carlwicker-nextjs12@appspot.gserviceaccount.com:testIamPermissions 200
[debug] [2024-02-15T19:34:04.152Z] <<< [apiv2][body] POST https://iam.googleapis.com/v1/projects/carlwicker-nextjs12/serviceAccounts/carlwicker-nextjs12@appspot.gserviceaccount.com:testIamPermissions {"permissions":["iam.serviceAccounts.actAs"]}
[debug] [2024-02-15T19:34:04.152Z] >>> [apiv2][query] GET https://firebase.googleapis.com/v1beta1/projects/carlwicker-nextjs12 [none]
[debug] [2024-02-15T19:34:04.396Z] <<< [apiv2][status] GET https://firebase.googleapis.com/v1beta1/projects/carlwicker-nextjs12 200
[debug] [2024-02-15T19:34:04.397Z] <<< [apiv2][body] GET https://firebase.googleapis.com/v1beta1/projects/carlwicker-nextjs12 {"projectId":"carlwicker-nextjs12","projectNumber":"54906668271","displayName":"carlwicker-nextjs12","name":"projects/carlwicker-nextjs12","resources":{"hostingSite":"carlwicker-nextjs12"},"state":"ACTIVE","etag":"1_d1df2555-673b-49a8-bd52-0bc51442aac6"}
[debug] [2024-02-15T19:34:10.092Z] >>> [apiv2][query] GET https://firebasehosting.googleapis.com/v1beta1/projects/carlwicker-nextjs12/sites pageToken=&pageSize=10
[debug] [2024-02-15T19:34:10.958Z] <<< [apiv2][status] GET https://firebasehosting.googleapis.com/v1beta1/projects/carlwicker-nextjs12/sites 200
[debug] [2024-02-15T19:34:10.958Z] <<< [apiv2][body] GET https://firebasehosting.googleapis.com/v1beta1/projects/carlwicker-nextjs12/sites {"sites":[{"name":"projects/carlwicker-nextjs12/sites/carlwicker-nextjs12","defaultUrl":"https://carlwicker-nextjs12.web.app","appId":"1:54906668271:web:e5a0ecf6153405d1b1871a","type":"DEFAULT_SITE"}]}
[debug] [2024-02-15T19:34:10.959Z] >>> [apiv2][query] GET https://firebase.googleapis.com/v1beta1/projects/-/webApps/1:54906668271:web:e5a0ecf6153405d1b1871a/config [none]
[debug] [2024-02-15T19:34:11.674Z] <<< [apiv2][status] GET https://firebase.googleapis.com/v1beta1/projects/-/webApps/1:54906668271:web:e5a0ecf6153405d1b1871a/config 200
[debug] [2024-02-15T19:34:11.675Z] <<< [apiv2][body] GET https://firebase.googleapis.com/v1beta1/projects/-/webApps/1:54906668271:web:e5a0ecf6153405d1b1871a/config {"projectId":"carlwicker-nextjs12","appId":"1:54906668271:web:e5a0ecf6153405d1b1871a","storageBucket":"carlwicker-nextjs12.appspot.com","apiKey":"AIzaSyC-9F5ADsRl1ehqvlp5yaGDG0T8K69VqOA","authDomain":"carlwicker-nextjs12.firebaseapp.com","messagingSenderId":"54906668271","measurementId":"G-TTG1J9MZG4"}
[info] 
   Thank you for trying our early preview of Next.js support on Firebase Hosting.
   During the preview, support is best-effort and breaking changes can be expected. Proceed with caution.

   Documentation: https://firebase.google.com/docs/hosting/frameworks/nextjs
   File a bug: https://github.com/firebase/firebase-tools/issues/new?template=bug_report.md
   Submit a feature request: https://github.com/firebase/firebase-tools/issues/new?template=feature_request.md

   We'd love to learn from you. Express your interest in helping us shape the future of Firebase Hosting: https://goo.gle/41enW5X

[info] info  - Loaded env from D:\Web Developement Projects\nextjs12-carlwicker\.env

[info] info  - Linting and checking validity of types...

[info] 
./components/Three/Box.tsx
74:6  Warning: React Hook useEffect has a missing dependency: 'color'. Either include it or remove the dependency array.  react-hooks/exhaustive-deps
96:6  Warning: React Hook useEffect has a missing dependency: 'scale'. Either include it or remove the dependency array.  react-hooks/exhaustive-deps

info  - Need to disable some ESLint rules? Learn more here: https://nextjs.org/docs/basic-features/eslint#disabling-rules

[info] info  - Creating an optimized production build...

[info] info  - Compiled successfully

[info] info  - Collecting page data...

[info] info  - Generating static pages (0/5)

[info] info  - Generating static pages (1/5)

[info] info  - Generating static pages (2/5)

[info] info  - Generating static pages (3/5)

[info] info  - Generating static pages (5/5)

[info] info  - Finalizing page optimization...

[info] 

[info] Route (pages)                              Size     First Load JS
┌ ○ / (2424 ms)                            246 kB          380 kB
├   /_app                                  0 B            98.6 kB
├ ○ /404 (1551 ms)                         522 B          99.1 kB
├ λ /api/sendmail                          0 B            98.6 kB
├ ○ /contact (2049 ms)                     32.2 kB         166 kB
└ ○ /experimental (1590 ms)                1.15 kB        99.7 kB
+ First Load JS shared by all              104 kB
  ├ chunks/framework-3b5a00d5d7e8d93b.js   45.4 kB
  ├ chunks/main-bc1a515a011ad0f9.js        26.7 kB
  ├ chunks/pages/_app-a47fea9ff97103bc.js  25.6 kB
  ├ chunks/webpack-38cee4c0e358b1a3.js     866 B
  └ css/853de019866a8b0f.css               5.49 kB

[info] 
λ  (Server)  server-side renders at runtime (uses getInitialProps or getServerSideProps)
○  (Static)  automatically rendered as static HTML (uses no initial props)


[info] Building a Cloud Function to run this application. This is needed due to:
[info]  • non-static route /api/sendmail
[info] 
[debug] [2024-02-15T19:35:49.276Z] Error: ENOENT: no such file or directory, lstat 'D:\Web Developement Projects\nextjs12-carlwicker\.next\BUILD_ID'
[error] 
[error] Error: An unexpected error has occurred.
